2015-01-08 22:39:15,022 [DEBUG] org.apache.commons.httpclient.HttpClient  - Java version: 1.6.0_27
2015-01-08 22:39:15,022 [DEBUG] org.apache.commons.httpclient.HttpClient  - Java vendor: Sun Microsystems Inc.
2015-01-08 22:39:15,022 [DEBUG] org.apache.commons.httpclient.HttpClient  - Java class path: D:\mywork\lxtz-portal\build\classes;D:\mywork\lxtz-portal\WebContent\WEB-INF\lib\annotations-api.jar;D:\mywork\lxtz-portal\WebContent\WEB-INF\lib\antlr-2.7.7.jar;D:\mywork\lxtz-portal\WebContent\WEB-INF\lib\aopalliance.jar;D:\mywork\lxtz-portal\WebContent\WEB-INF\lib\com.springsource.org.apache.commons.fileupload-1.2.0.jar;D:\mywork\lxtz-portal\WebContent\WEB-INF\lib\com.springsource.org.apache.commons.io-1.4.0.jar;D:\mywork\lxtz-portal\WebContent\WEB-INF\lib\commons-beanutils-1.9.1.jar;D:\mywork\lxtz-portal\WebContent\WEB-INF\lib\commons-digester-2.0.jar;D:\mywork\lxtz-portal\WebContent\WEB-INF\lib\commons-fileupload-1.2.1.jar;D:\mywork\lxtz-portal\WebContent\WEB-INF\lib\commons-httpclient-3.0-rc4.jar;D:\mywork\lxtz-portal\WebContent\WEB-INF\lib\commons-io-1.4.jar;D:\mywork\lxtz-portal\WebContent\WEB-INF\lib\commons-lang3-3.1.jar;D:\mywork\lxtz-portal\WebContent\WEB-INF\lib\commons-logging.jar;D:\mywork\lxtz-portal\WebContent\WEB-INF\lib\dom4j-1.6.1.jar;D:\mywork\lxtz-portal\WebContent\WEB-INF\lib\ejb3-persistence.jar;D:\mywork\lxtz-portal\WebContent\WEB-INF\lib\hibernate-commons-annotations-4.0.1.Final.jar;D:\mywork\lxtz-portal\WebContent\WEB-INF\lib\hibernate-core-4.1.6.Final.jar;D:\mywork\lxtz-portal\WebContent\WEB-INF\lib\hibernate-jpa-2.0-api-1.0.1.Final.jar;D:\mywork\lxtz-portal\WebContent\WEB-INF\lib\jackson-annotations-2.3.2.jar;D:\mywork\lxtz-portal\WebContent\WEB-INF\lib\jackson-core-2.3.2.jar;D:\mywork\lxtz-portal\WebContent\WEB-INF\lib\jackson-databind-2.3.2.jar;D:\mywork\lxtz-portal\WebContent\WEB-INF\lib\jackson-module-jaxb-annotations-2.3.2.jar;D:\mywork\lxtz-portal\WebContent\WEB-INF\lib\javassist-3.15.0-GA.jar;D:\mywork\lxtz-portal\WebContent\WEB-INF\lib\jboss-logging-3.1.0.GA.jar;D:\mywork\lxtz-portal\WebContent\WEB-INF\lib\jboss-transaction-api_1.1_spec-1.0.0.Final.jar;D:\mywork\lxtz-portal\WebContent\WEB-INF\lib\json-io-2.6.0.jar;D:\mywork\lxtz-portal\WebContent\WEB-INF\lib\json_simple-1.1.jar;D:\mywork\lxtz-portal\WebContent\WEB-INF\lib\jstl.jar;D:\mywork\lxtz-portal\WebContent\WEB-INF\lib\jxl-2.6.3.jar;D:\mywork\lxtz-portal\WebContent\WEB-INF\lib\log4j-1.2.17.jar;D:\mywork\lxtz-portal\WebContent\WEB-INF\lib\mail.jar;D:\mywork\lxtz-portal\WebContent\WEB-INF\lib\mysql-connector-java-5.0.3-bin.jar;D:\mywork\lxtz-portal\WebContent\WEB-INF\lib\ojdbc14.jar;D:\mywork\lxtz-portal\WebContent\WEB-INF\lib\org-apache-commons-codec.jar;D:\mywork\lxtz-portal\WebContent\WEB-INF\lib\org.apache.commons.collections.jar;D:\mywork\lxtz-portal\WebContent\WEB-INF\lib\servlet-api.jar;D:\mywork\lxtz-portal\WebContent\WEB-INF\lib\slf4j-api-1.7.6.jar;D:\mywork\lxtz-portal\WebContent\WEB-INF\lib\slf4j-log4j12-1.7.6.jar;D:\mywork\lxtz-portal\WebContent\WEB-INF\lib\spring-aop-3.2.0.RELEASE.jar;D:\mywork\lxtz-portal\WebContent\WEB-INF\lib\spring-aspects-3.2.0.RELEASE.jar;D:\mywork\lxtz-portal\WebContent\WEB-INF\lib\spring-beans-3.2.0.RELEASE.jar;D:\mywork\lxtz-portal\WebContent\WEB-INF\lib\spring-context-3.2.0.RELEASE.jar;D:\mywork\lxtz-portal\WebContent\WEB-INF\lib\spring-context-support-3.2.0.RELEASE.jar;D:\mywork\lxtz-portal\WebContent\WEB-INF\lib\spring-core-3.2.0.RELEASE.jar;D:\mywork\lxtz-portal\WebContent\WEB-INF\lib\spring-data-commons-1.7.2.RELEASE.jar;D:\mywork\lxtz-portal\WebContent\WEB-INF\lib\spring-expression-3.2.0.RELEASE.jar;D:\mywork\lxtz-portal\WebContent\WEB-INF\lib\spring-instrument-3.2.0.RELEASE.jar;D:\mywork\lxtz-portal\WebContent\WEB-INF\lib\spring-instrument-tomcat-3.2.0.RELEASE.jar;D:\mywork\lxtz-portal\WebContent\WEB-INF\lib\spring-jdbc-3.2.0.RELEASE.jar;D:\mywork\lxtz-portal\WebContent\WEB-INF\lib\spring-jms-3.2.0.RELEASE.jar;D:\mywork\lxtz-portal\WebContent\WEB-INF\lib\spring-orm-3.2.0.RELEASE.jar;D:\mywork\lxtz-portal\WebContent\WEB-INF\lib\spring-oxm-3.2.0.RELEASE.jar;D:\mywork\lxtz-portal\WebContent\WEB-INF\lib\spring-test-3.2.0.RELEASE.jar;D:\mywork\lxtz-portal\WebContent\WEB-INF\lib\spring-tx-3.2.0.RELEASE.jar;D:\mywork\lxtz-portal\WebContent\WEB-INF\lib\spring-web-3.2.0.RELEASE.jar;D:\mywork\lxtz-portal\WebContent\WEB-INF\lib\spring-webmvc-3.2.0.RELEASE.jar;D:\mywork\lxtz-portal\WebContent\WEB-INF\lib\spring-webmvc-portlet-3.2.0.RELEASE.jar;D:\mywork\lxtz-portal\WebContent\WEB-INF\lib\standard-1.1.2.jar;D:\mywork\lxtz-portal\WebContent\WEB-INF\lib\tiles-api-3.0.3.jar;D:\mywork\lxtz-portal\WebContent\WEB-INF\lib\tiles-autotag-core-runtime-1.1.0.jar;D:\mywork\lxtz-portal\WebContent\WEB-INF\lib\tiles-compat-3.0.3.jar;D:\mywork\lxtz-portal\WebContent\WEB-INF\lib\tiles-core-3.0.3.jar;D:\mywork\lxtz-portal\WebContent\WEB-INF\lib\tiles-el-3.0.3.jar;D:\mywork\lxtz-portal\WebContent\WEB-INF\lib\tiles-extras-3.0.3.jar;D:\mywork\lxtz-portal\WebContent\WEB-INF\lib\tiles-freemarker-3.0.3.jar;D:\mywork\lxtz-portal\WebContent\WEB-INF\lib\tiles-jsp-3.0.3.jar;D:\mywork\lxtz-portal\WebContent\WEB-INF\lib\tiles-mvel-3.0.3.jar;D:\mywork\lxtz-portal\WebContent\WEB-INF\lib\tiles-ognl-3.0.3.jar;D:\mywork\lxtz-portal\WebContent\WEB-INF\lib\tiles-request-api-1.0.3.jar;D:\mywork\lxtz-portal\WebContent\WEB-INF\lib\tiles-request-freemarker-1.0.3.jar;D:\mywork\lxtz-portal\WebContent\WEB-INF\lib\tiles-request-jsp-1.0.3.jar;D:\mywork\lxtz-portal\WebContent\WEB-INF\lib\tiles-request-mustache-1.0.3.jar;D:\mywork\lxtz-portal\WebContent\WEB-INF\lib\tiles-request-servlet-1.0.3.jar;D:\mywork\lxtz-portal\WebContent\WEB-INF\lib\tiles-request-servlet-wildcard-1.0.3.jar;D:\mywork\lxtz-portal\WebContent\WEB-INF\lib\tiles-request-velocity-1.0.3.jar;D:\mywork\lxtz-portal\WebContent\WEB-INF\lib\tiles-servlet-3.0.3.jar;D:\mywork\lxtz-portal\WebContent\WEB-INF\lib\tiles-template-3.0.3.jar;D:\mywork\lxtz-portal\WebContent\WEB-INF\lib\tiles-velocity-3.0.3.jar
2015-01-08 22:39:15,022 [DEBUG] org.apache.commons.httpclient.HttpClient  - Operating system name: Windows NT (unknown)
2015-01-08 22:39:15,022 [DEBUG] org.apache.commons.httpclient.HttpClient  - Operating system architecture: amd64
2015-01-08 22:39:15,022 [DEBUG] org.apache.commons.httpclient.HttpClient  - Operating system version: 6.2
2015-01-08 22:39:15,085 [DEBUG] org.apache.commons.httpclient.HttpClient  - SUN 1.6: SUN (DSA key/parameter generation; DSA signing; SHA-1, MD5 digests; SecureRandom; X.509 certificates; JKS keystore; PKIX CertPathValidator; PKIX CertPathBuilder; LDAP, Collection CertStores, JavaPolicy Policy; JavaLoginConfig Configuration)
2015-01-08 22:39:15,085 [DEBUG] org.apache.commons.httpclient.HttpClient  - SunRsaSign 1.5: Sun RSA signature provider
2015-01-08 22:39:15,085 [DEBUG] org.apache.commons.httpclient.HttpClient  - SunJSSE 1.6: Sun JSSE provider(PKCS12, SunX509 key/trust factories, SSLv3, TLSv1)
2015-01-08 22:39:15,085 [DEBUG] org.apache.commons.httpclient.HttpClient  - SunJCE 1.6: SunJCE Provider (implements RSA, DES, Triple DES, AES, Blowfish, ARCFOUR, RC2, PBE, Diffie-Hellman, HMAC)
2015-01-08 22:39:15,085 [DEBUG] org.apache.commons.httpclient.HttpClient  - SunJGSS 1.0: Sun (Kerberos v5, SPNEGO)
2015-01-08 22:39:15,085 [DEBUG] org.apache.commons.httpclient.HttpClient  - SunSASL 1.5: Sun SASL provider(implements client mechanisms for: DIGEST-MD5, GSSAPI, EXTERNAL, PLAIN, CRAM-MD5; server mechanisms for: DIGEST-MD5, GSSAPI, CRAM-MD5)
2015-01-08 22:39:15,085 [DEBUG] org.apache.commons.httpclient.HttpClient  - XMLDSig 1.0: XMLDSig (DOM XMLSignatureFactory; DOM KeyInfoFactory)
2015-01-08 22:39:15,085 [DEBUG] org.apache.commons.httpclient.HttpClient  - SunPCSC 1.6: Sun PC/SC provider
2015-01-08 22:39:15,085 [DEBUG] org.apache.commons.httpclient.params.DefaultHttpParams  - Set parameter http.useragent = Jakarta Commons-HttpClient/3.0-rc4
2015-01-08 22:39:15,085 [DEBUG] org.apache.commons.httpclient.params.DefaultHttpParams  - Set parameter http.protocol.version = HTTP/1.1
2015-01-08 22:39:15,085 [DEBUG] org.apache.commons.httpclient.params.DefaultHttpParams  - Set parameter http.connection-manager.class = class org.apache.commons.httpclient.SimpleHttpConnectionManager
2015-01-08 22:39:15,085 [DEBUG] org.apache.commons.httpclient.params.DefaultHttpParams  - Set parameter http.protocol.cookie-policy = rfc2109
2015-01-08 22:39:15,085 [DEBUG] org.apache.commons.httpclient.params.DefaultHttpParams  - Set parameter http.protocol.element-charset = US-ASCII
2015-01-08 22:39:15,085 [DEBUG] org.apache.commons.httpclient.params.DefaultHttpParams  - Set parameter http.protocol.content-charset = ISO-8859-1
2015-01-08 22:39:15,085 [DEBUG] org.apache.commons.httpclient.params.DefaultHttpParams  - Set parameter http.method.retry-handler = org.apache.commons.httpclient.DefaultHttpMethodRetryHandler@5e7808b9
2015-01-08 22:39:15,085 [DEBUG] org.apache.commons.httpclient.params.DefaultHttpParams  - Set parameter http.dateparser.patterns = [EEE, dd MMM yyyy HH:mm:ss zzz, EEEE, dd-MMM-yy HH:mm:ss zzz, EEE MMM d HH:mm:ss yyyy, EEE, dd-MMM-yyyy HH:mm:ss z, EEE, dd-MMM-yyyy HH-mm-ss z, EEE, dd MMM yy HH:mm:ss z, EEE dd-MMM-yyyy HH:mm:ss z, EEE dd MMM yyyy HH:mm:ss z, EEE dd-MMM-yyyy HH-mm-ss z, EEE dd-MMM-yy HH:mm:ss z, EEE dd MMM yy HH:mm:ss z, EEE,dd-MMM-yy HH:mm:ss z, EEE,dd-MMM-yyyy HH:mm:ss z, EEE, dd-MM-yyyy HH:mm:ss z]
2015-01-08 22:39:15,116 [DEBUG] org.apache.commons.httpclient.params.DefaultHttpParams  - Set parameter http.protocol.content-charset = UTF-8
2015-01-08 22:39:15,116 [DEBUG] org.apache.commons.httpclient.HttpConnection  - Open connection to 106.ihuyi.cn:80
2015-01-08 22:39:15,179 [DEBUG] httpclient.wire.header  - >> "POST /webservice/sms.php?method=GetNum HTTP/1.1[\r][\n]"
2015-01-08 22:39:15,179 [DEBUG] org.apache.commons.httpclient.HttpMethodBase  - Adding Host request header
2015-01-08 22:39:15,179 [DEBUG] org.apache.commons.httpclient.HttpMethodBase  - Default charset used: UTF-8
2015-01-08 22:39:15,179 [DEBUG] org.apache.commons.httpclient.HttpMethodBase  - Default charset used: UTF-8
2015-01-08 22:39:15,179 [DEBUG] httpclient.wire.header  - >> "ContentType: application/x-www-form-urlencoded;charset=UTF-8[\r][\n]"
2015-01-08 22:39:15,179 [DEBUG] httpclient.wire.header  - >> "User-Agent: Jakarta Commons-HttpClient/3.0-rc4[\r][\n]"
2015-01-08 22:39:15,179 [DEBUG] httpclient.wire.header  - >> "Host: 106.ihuyi.cn[\r][\n]"
2015-01-08 22:39:15,179 [DEBUG] httpclient.wire.header  - >> "Content-Length: 35[\r][\n]"
2015-01-08 22:39:15,179 [DEBUG] httpclient.wire.header  - >> "Content-Type: application/x-www-form-urlencoded[\r][\n]"
2015-01-08 22:39:15,179 [DEBUG] httpclient.wire.header  - >> "[\r][\n]"
2015-01-08 22:39:15,179 [DEBUG] httpclient.wire.content  - >> "account=cf_xinji&password=xinji0810"
2015-01-08 22:39:15,179 [DEBUG] org.apache.commons.httpclient.methods.EntityEnclosingMethod  - Request body sent
2015-01-08 22:39:15,272 [DEBUG] httpclient.wire.header  - << "HTTP/1.1 200 OK[\r][\n]"
2015-01-08 22:39:15,288 [DEBUG] httpclient.wire.header  - << "Date: Thu, 08 Jan 2015 14:39:16 GMT[\r][\n]"
2015-01-08 22:39:15,288 [DEBUG] httpclient.wire.header  - << "Server: Apache/2.2.22 (Unix) PHP/5.2.17p1[\r][\n]"
2015-01-08 22:39:15,288 [DEBUG] httpclient.wire.header  - << "X-Powered-By: PHP/5.2.17p1[\r][\n]"
2015-01-08 22:39:15,288 [DEBUG] httpclient.wire.header  - << "Content-Length: 151[\r][\n]"
2015-01-08 22:39:15,288 [DEBUG] httpclient.wire.header  - << "Content-Type: text/html; charset=UTF-8[\r][\n]"
2015-01-08 22:39:15,288 [DEBUG] org.apache.commons.httpclient.HttpMethodBase  - Buffering response body
2015-01-08 22:39:15,288 [DEBUG] httpclient.wire.content  - << "<?xml version="1.0" encoding="utf-8"?>[\n]"
2015-01-08 22:39:15,288 [DEBUG] httpclient.wire.content  - << "<GetNumResult xmlns="http://106.ihuyi.cn/">[\n]"
2015-01-08 22:39:15,288 [DEBUG] httpclient.wire.content  - << "<code>2</code>[\n]"
2015-01-08 22:39:15,288 [DEBUG] httpclient.wire.content  - << "<msg>[0xe6][0x9f][0xa5][0xe8][0xaf][0xa2][0xe6][0x88][0x90][0xe5][0x8a][0x9f]</msg>[\n]"
2015-01-08 22:39:15,288 [DEBUG] httpclient.wire.content  - << "<num>7</num>[\n]"
2015-01-08 22:39:15,288 [DEBUG] httpclient.wire.content  - << "</GetNumResult>[\n]"
2015-01-08 22:39:15,288 [DEBUG] org.apache.commons.httpclient.HttpMethodBase  - Resorting to protocol version default close connection policy
2015-01-08 22:39:15,288 [DEBUG] org.apache.commons.httpclient.HttpMethodBase  - Should NOT close connection, using HTTP/1.1
2015-01-08 22:39:15,288 [DEBUG] org.apache.commons.httpclient.HttpConnection  - Releasing connection back to connection manager.
